Flow report for ConsoleFPGA
Wed Jun  9 12:11:21 2021
Quartus Prime Version 20.1.0 Build 711 06/05/2020 SJ Lite Edition


---------------------
; Table of Contents ;
---------------------
  1. Legal Notice
  2. Flow Summary
  3. Flow Settings
  4. Flow Non-Default Global Settings
  5. Flow Elapsed Time
  6. Flow OS Summary
  7. Flow Log
  8. Flow Messages
  9. Flow Suppressed Messages



----------------
; Legal Notice ;
----------------
Copyright (C) 2020  Intel Corporation. All rights reserved.
Your use of Intel Corporation's design tools, logic functions 
and other software and tools, and any partner logic 
functions, and any output files from any of the foregoing 
(including device programming or simulation files), and any 
associated documentation or information are expressly subject 
to the terms and conditions of the Intel Program License 
Subscription Agreement, the Intel Quartus Prime License Agreement,
the Intel FPGA IP License Agreement, or other applicable license
agreement, including, without limitation, that your use is for
the sole purpose of programming logic devices manufactured by
Intel and sold by Intel or its authorized distributors.  Please
refer to the applicable agreement for further details, at
https://fpgasoftware.intel.com/eula.



+----------------------------------------------------------------------------------+
; Flow Summary                                                                     ;
+------------------------------------+---------------------------------------------+
; Flow Status                        ; Successful - Wed Jun  9 12:11:21 2021       ;
; Quartus Prime Version              ; 20.1.0 Build 711 06/05/2020 SJ Lite Edition ;
; Revision Name                      ; ConsoleFPGA                                 ;
; Top-level Entity Name              ; ArquiteturaCollenda                         ;
; Family                             ; Cyclone IV E                                ;
; Device                             ; EP4CE22F17C6                                ;
; Timing Models                      ; Final                                       ;
; Total logic elements               ; 6,060 / 22,320 ( 27 % )                     ;
;     Total combinational functions  ; 5,231 / 22,320 ( 23 % )                     ;
;     Dedicated logic registers      ; 2,977 / 22,320 ( 13 % )                     ;
; Total registers                    ; 2977                                        ;
; Total pins                         ; 17 / 154 ( 11 % )                           ;
; Total virtual pins                 ; 0                                           ;
; Total memory bits                  ; 398,720 / 608,256 ( 66 % )                  ;
; Embedded Multiplier 9-bit elements ; 0 / 132 ( 0 % )                             ;
; Total PLLs                         ; 1 / 4 ( 25 % )                              ;
+------------------------------------+---------------------------------------------+


+-----------------------------------------+
; Flow Settings                           ;
+-------------------+---------------------+
; Option            ; Setting             ;
+-------------------+---------------------+
; Start date & time ; 06/09/2021 12:07:22 ;
; Main task         ; Compilation         ;
; Revision Name     ; ConsoleFPGA         ;
+-------------------+---------------------+


+------------------------------------------------------------------------------------------------------------------------------------------------------------+
; Flow Non-Default Global Settings                                                                                                                           ;
+-------------------------------------+---------------------------------------------------------------+---------------+---------------------+----------------+
; Assignment Name                     ; Value                                                         ; Default Value ; Entity Name         ; Section Id     ;
+-------------------------------------+---------------------------------------------------------------+---------------+---------------------+----------------+
; COMPILER_SIGNATURE_ID               ; 39627052299777.162325124138298                                ; --            ; --                  ; --             ;
; EDA_OUTPUT_DATA_FORMAT              ; Verilog Hdl                                                   ; --            ; --                  ; eda_simulation ;
; EDA_SIMULATION_TOOL                 ; ModelSim-Altera (Verilog)                                     ; <None>        ; --                  ; --             ;
; EDA_TIME_SCALE                      ; 1 ps                                                          ; --            ; --                  ; eda_simulation ;
; MAX_CORE_JUNCTION_TEMP              ; 85                                                            ; --            ; --                  ; --             ;
; MIN_CORE_JUNCTION_TEMP              ; 0                                                             ; --            ; --                  ; --             ;
; MISC_FILE                           ; Arquitetura/synthesis/../Arquitetura.cmp                      ; --            ; --                  ; --             ;
; MISC_FILE                           ; Arquitetura/synthesis/../../Arquitetura.qsys                  ; --            ; --                  ; --             ;
; MISC_FILE                           ; modulos/FIFO/FIFO.bsf                                         ; --            ; --                  ; --             ;
; MISC_FILE                           ; modulos/FIFO/FIFO_inst.v                                      ; --            ; --                  ; --             ;
; MISC_FILE                           ; modulos/FIFO/FIFO_bb.v                                        ; --            ; --                  ; --             ;
; NOMINAL_CORE_SUPPLY_VOLTAGE         ; 1.2V                                                          ; --            ; --                  ; --             ;
; PARTITION_COLOR                     ; -- (Not supported for targeted family)                        ; --            ; ArquiteturaCollenda ; Top            ;
; PARTITION_FITTER_PRESERVATION_LEVEL ; -- (Not supported for targeted family)                        ; --            ; ArquiteturaCollenda ; Top            ;
; PARTITION_NETLIST_TYPE              ; -- (Not supported for targeted family)                        ; --            ; ArquiteturaCollenda ; Top            ;
; POWER_BOARD_THERMAL_MODEL           ; None (CONSERVATIVE)                                           ; --            ; --                  ; --             ;
; POWER_PRESET_COOLING_SOLUTION       ; 23 MM HEAT SINK WITH 200 LFPM AIRFLOW                         ; --            ; --                  ; --             ;
; PROJECT_OUTPUT_DIRECTORY            ; output_files                                                  ; --            ; --                  ; --             ;
; SLD_FILE                            ; Arquitetura/synthesis/Arquitetura.regmap                      ; --            ; --                  ; --             ;
; SLD_FILE                            ; Arquitetura/synthesis/Arquitetura.debuginfo                   ; --            ; --                  ; --             ;
; SLD_INFO                            ; QSYS_NAME Arquitetura HAS_SOPCINFO 1 GENERATION_ID 1623240844 ; --            ; Arquitetura         ; --             ;
; SOPCINFO_FILE                       ; Arquitetura/synthesis/../../Arquitetura.sopcinfo              ; --            ; --                  ; --             ;
; SYNTHESIS_ONLY_QIP                  ; On                                                            ; --            ; --                  ; --             ;
; TOP_LEVEL_ENTITY                    ; ArquiteturaCollenda                                           ; ConsoleFPGA   ; --                  ; --             ;
+-------------------------------------+---------------------------------------------------------------+---------------+---------------------+----------------+


+--------------------------------------------------------------------------------------------------------------------------+
; Flow Elapsed Time                                                                                                        ;
+----------------------+--------------+-------------------------+---------------------+------------------------------------+
; Module Name          ; Elapsed Time ; Average Processors Used ; Peak Virtual Memory ; Total CPU Time (on all processors) ;
+----------------------+--------------+-------------------------+---------------------+------------------------------------+
; Analysis & Synthesis ; 00:02:03     ; 1.0                     ; 572 MB              ; 00:03:10                           ;
; Fitter               ; 00:01:03     ; 1.1                     ; 774 MB              ; 00:01:18                           ;
; Assembler            ; 00:00:07     ; 1.0                     ; 366 MB              ; 00:00:06                           ;
; Timing Analyzer      ; 00:00:12     ; 1.1                     ; 504 MB              ; 00:00:13                           ;
; EDA Netlist Writer   ; 00:00:10     ; 1.0                     ; 630 MB              ; 00:00:09                           ;
; Total                ; 00:03:35     ; --                      ; --                  ; 00:04:56                           ;
+----------------------+--------------+-------------------------+---------------------+------------------------------------+


+----------------------------------------------------------------------------------------+
; Flow OS Summary                                                                        ;
+----------------------+------------------+----------------+------------+----------------+
; Module Name          ; Machine Hostname ; OS Name        ; OS Version ; Processor type ;
+----------------------+------------------+----------------+------------+----------------+
; Analysis & Synthesis ; notebook         ; Ubuntu 20.04.1 ; 20         ; x86_64         ;
; Fitter               ; notebook         ; Ubuntu 20.04.1 ; 20         ; x86_64         ;
; Assembler            ; notebook         ; Ubuntu 20.04.1 ; 20         ; x86_64         ;
; Timing Analyzer      ; notebook         ; Ubuntu 20.04.1 ; 20         ; x86_64         ;
; EDA Netlist Writer   ; notebook         ; Ubuntu 20.04.1 ; 20         ; x86_64         ;
+----------------------+------------------+----------------+------------+----------------+


------------
; Flow Log ;
------------
quartus_map --read_settings_files=on --write_settings_files=off ConsoleFPGA -c ConsoleFPGA
quartus_fit --read_settings_files=off --write_settings_files=off ConsoleFPGA -c ConsoleFPGA
quartus_asm --read_settings_files=off --write_settings_files=off ConsoleFPGA -c ConsoleFPGA
quartus_sta ConsoleFPGA -c ConsoleFPGA
quartus_eda --read_settings_files=off --write_settings_files=off ConsoleFPGA -c ConsoleFPGA



