Analysis & Synthesis report for consoleFPGA
Wed Jun  5 01:07:05 2019
Quartus Prime Version 18.1.0 Build 625 09/12/2018 SJ Lite Edition


---------------------
; Table of Contents ;
---------------------
  1. Legal Notice
  2. Analysis & Synthesis Summary
  3. Analysis & Synthesis Settings
  4. Parallel Compilation
  5. Analysis & Synthesis Source Files Read
  6. Analysis & Synthesis Resource Usage Summary
  7. Analysis & Synthesis Resource Utilization by Entity
  8. Registers Removed During Synthesis
  9. Removed Registers Triggering Further Register Optimizations
 10. General Register Statistics
 11. Multiplexer Restructuring Statistics (Restructuring Performed)
 12. Parameter Settings for User Entity Instance: SVGA_sync:SVGA
 13. Parameter Settings for User Entity Instance: memorySprites:memorySprites_inst
 14. Parameter Settings for User Entity Instance: memorySprites:memorySprites_inst|sram:element1
 15. Parameter Settings for User Entity Instance: memorySprites:memorySprites_inst|sram:element2
 16. Parameter Settings for User Entity Instance: memorySprites:memorySprites_inst|sram:element3
 17. Parameter Settings for User Entity Instance: memorySprites:memorySprites_inst|sram:element4
 18. Parameter Settings for User Entity Instance: memorySprites:memorySprites_inst|sram:element5
 19. Port Connectivity Checks: "memorySprites:memorySprites_inst|sram:element5"
 20. Port Connectivity Checks: "memorySprites:memorySprites_inst|sram:element4"
 21. Port Connectivity Checks: "memorySprites:memorySprites_inst|sram:element3"
 22. Port Connectivity Checks: "memorySprites:memorySprites_inst|sram:element2"
 23. Port Connectivity Checks: "memorySprites:memorySprites_inst|sram:element1"
 24. Port Connectivity Checks: "memorySprites:memorySprites_inst"
 25. Port Connectivity Checks: "SVGA_sync:SVGA"
 26. Post-Synthesis Netlist Statistics for Top Partition
 27. Elapsed Time Per Partition
 28. Analysis & Synthesis Messages



----------------
; Legal Notice ;
----------------
Copyright (C) 2018  Intel Corporation. All rights reserved.
Your use of Intel Corporation's design tools, logic functions 
and other software and tools, and its AMPP partner logic 
functions, and any output files from any of the foregoing 
(including device programming or simulation files), and any 
associated documentation or information are expressly subject 
to the terms and conditions of the Intel Program License 
Subscription Agreement, the Intel Quartus Prime License Agreement,
the Intel FPGA IP License Agreement, or other applicable license
agreement, including, without limitation, that your use is for
the sole purpose of programming logic devices manufactured by
Intel and sold by Intel or its authorized distributors.  Please
refer to the applicable agreement for further details.



+----------------------------------------------------------------------------------+
; Analysis & Synthesis Summary                                                     ;
+------------------------------------+---------------------------------------------+
; Analysis & Synthesis Status        ; Successful - Wed Jun  5 01:07:05 2019       ;
; Quartus Prime Version              ; 18.1.0 Build 625 09/12/2018 SJ Lite Edition ;
; Revision Name                      ; consoleFPGA                                 ;
; Top-level Entity Name              ; top                                         ;
; Family                             ; Cyclone IV E                                ;
; Total logic elements               ; 51                                          ;
;     Total combinational functions  ; 51                                          ;
;     Dedicated logic registers      ; 23                                          ;
; Total registers                    ; 23                                          ;
; Total pins                         ; 13                                          ;
; Total virtual pins                 ; 0                                           ;
; Total memory bits                  ; 0                                           ;
; Embedded Multiplier 9-bit elements ; 0                                           ;
; Total PLLs                         ; 0                                           ;
+------------------------------------+---------------------------------------------+


+------------------------------------------------------------------------------------------------------------+
; Analysis & Synthesis Settings                                                                              ;
+------------------------------------------------------------------+--------------------+--------------------+
; Option                                                           ; Setting            ; Default Value      ;
+------------------------------------------------------------------+--------------------+--------------------+
; Device                                                           ; EP4CE22F17C6       ;                    ;
; Top-level entity name                                            ; top                ; consoleFPGA        ;
; Family name                                                      ; Cyclone IV E       ; Cyclone V          ;
; Use smart compilation                                            ; Off                ; Off                ;
; Enable parallel Assembler and Timing Analyzer during compilation ; On                 ; On                 ;
; Enable compact report table                                      ; Off                ; Off                ;
; Restructure Multiplexers                                         ; Auto               ; Auto               ;
; Create Debugging Nodes for IP Cores                              ; Off                ; Off                ;
; Preserve fewer node names                                        ; On                 ; On                 ;
; Intel FPGA IP Evaluation Mode                                    ; Enable             ; Enable             ;
; Verilog Version                                                  ; Verilog_2001       ; Verilog_2001       ;
; VHDL Version                                                     ; VHDL_1993          ; VHDL_1993          ;
; State Machine Processing                                         ; Auto               ; Auto               ;
; Safe State Machine                                               ; Off                ; Off                ;
; Extract Verilog State Machines                                   ; On                 ; On                 ;
; Extract VHDL State Machines                                      ; On                 ; On                 ;
; Ignore Verilog initial constructs                                ; Off                ; Off                ;
; Iteration limit for constant Verilog loops                       ; 5000               ; 5000               ;
; Iteration limit for non-constant Verilog loops                   ; 250                ; 250                ;
; Add Pass-Through Logic to Inferred RAMs                          ; On                 ; On                 ;
; Infer RAMs from Raw Logic                                        ; On                 ; On                 ;
; Parallel Synthesis                                               ; On                 ; On                 ;
; DSP Block Balancing                                              ; Auto               ; Auto               ;
; NOT Gate Push-Back                                               ; On                 ; On                 ;
; Power-Up Don't Care                                              ; On                 ; On                 ;
; Remove Redundant Logic Cells                                     ; Off                ; Off                ;
; Remove Duplicate Registers                                       ; On                 ; On                 ;
; Ignore CARRY Buffers                                             ; Off                ; Off                ;
; Ignore CASCADE Buffers                                           ; Off                ; Off                ;
; Ignore GLOBAL Buffers                                            ; Off                ; Off                ;
; Ignore ROW GLOBAL Buffers                                        ; Off                ; Off                ;
; Ignore LCELL Buffers                                             ; Off                ; Off                ;
; Ignore SOFT Buffers                                              ; On                 ; On                 ;
; Limit AHDL Integers to 32 Bits                                   ; Off                ; Off                ;
; Optimization Technique                                           ; Balanced           ; Balanced           ;
; Carry Chain Length                                               ; 70                 ; 70                 ;
; Auto Carry Chains                                                ; On                 ; On                 ;
; Auto Open-Drain Pins                                             ; On                 ; On                 ;
; Perform WYSIWYG Primitive Resynthesis                            ; Off                ; Off                ;
; Auto ROM Replacement                                             ; On                 ; On                 ;
; Auto RAM Replacement                                             ; On                 ; On                 ;
; Auto DSP Block Replacement                                       ; On                 ; On                 ;
; Auto Shift Register Replacement                                  ; Auto               ; Auto               ;
; Allow Shift Register Merging across Hierarchies                  ; Auto               ; Auto               ;
; Auto Clock Enable Replacement                                    ; On                 ; On                 ;
; Strict RAM Replacement                                           ; Off                ; Off                ;
; Allow Synchronous Control Signals                                ; On                 ; On                 ;
; Force Use of Synchronous Clear Signals                           ; Off                ; Off                ;
; Auto RAM Block Balancing                                         ; On                 ; On                 ;
; Auto RAM to Logic Cell Conversion                                ; Off                ; Off                ;
; Auto Resource Sharing                                            ; Off                ; Off                ;
; Allow Any RAM Size For Recognition                               ; Off                ; Off                ;
; Allow Any ROM Size For Recognition                               ; Off                ; Off                ;
; Allow Any Shift Register Size For Recognition                    ; Off                ; Off                ;
; Use LogicLock Constraints during Resource Balancing              ; On                 ; On                 ;
; Ignore translate_off and synthesis_off directives                ; Off                ; Off                ;
; Timing-Driven Synthesis                                          ; On                 ; On                 ;
; Report Parameter Settings                                        ; On                 ; On                 ;
; Report Source Assignments                                        ; On                 ; On                 ;
; Report Connectivity Checks                                       ; On                 ; On                 ;
; Ignore Maximum Fan-Out Assignments                               ; Off                ; Off                ;
; Synchronization Register Chain Length                            ; 2                  ; 2                  ;
; Power Optimization During Synthesis                              ; Normal compilation ; Normal compilation ;
; HDL message level                                                ; Level2             ; Level2             ;
; Suppress Register Optimization Related Messages                  ; Off                ; Off                ;
; Number of Removed Registers Reported in Synthesis Report         ; 5000               ; 5000               ;
; Number of Swept Nodes Reported in Synthesis Report               ; 5000               ; 5000               ;
; Number of Inverted Registers Reported in Synthesis Report        ; 100                ; 100                ;
; Clock MUX Protection                                             ; On                 ; On                 ;
; Auto Gated Clock Conversion                                      ; Off                ; Off                ;
; Block Design Naming                                              ; Auto               ; Auto               ;
; SDC constraint protection                                        ; Off                ; Off                ;
; Synthesis Effort                                                 ; Auto               ; Auto               ;
; Shift Register Replacement - Allow Asynchronous Clear Signal     ; On                 ; On                 ;
; Pre-Mapping Resynthesis Optimization                             ; Off                ; Off                ;
; Analysis & Synthesis Message Level                               ; Medium             ; Medium             ;
; Disable Register Merging Across Hierarchies                      ; Auto               ; Auto               ;
; Resource Aware Inference For Block RAM                           ; On                 ; On                 ;
+------------------------------------------------------------------+--------------------+--------------------+


+------------------------------------------+
; Parallel Compilation                     ;
+----------------------------+-------------+
; Processors                 ; Number      ;
+----------------------------+-------------+
; Number detected on machine ; 4           ;
; Maximum allowed            ; 2           ;
;                            ;             ;
; Average used               ; 1.00        ;
; Maximum used               ; 2           ;
;                            ;             ;
; Usage by Processor         ; % Time Used ;
;     Processor 1            ; 100.0%      ;
;     Processor 2            ;   0.0%      ;
+----------------------------+-------------+


+--------------------------------------------------------------------------------------------------------------------------------------------------------------------+
; Analysis & Synthesis Source Files Read                                                                                                                             ;
+----------------------------------+-----------------+------------------------------+----------------------------------------------------------------------+---------+
; File Name with User-Entered Path ; Used in Netlist ; File Type                    ; File Name with Absolute Path                                         ; Library ;
+----------------------------------+-----------------+------------------------------+----------------------------------------------------------------------+---------+
; Modulos/memorySprites.v          ; yes             ; User Verilog HDL File        ; /home/gabriel/Documentos/ConsoleFPGA/Modulos/memorySprites.v         ;         ;
; Modulos/moduloSram/sram.v        ; yes             ; User Verilog HDL File        ; /home/gabriel/Documentos/ConsoleFPGA/Modulos/moduloSram/sram.v       ;         ;
; Modulos/SVGAGrafico/SVGA_sync.v  ; yes             ; User Verilog HDL File        ; /home/gabriel/Documentos/ConsoleFPGA/Modulos/SVGAGrafico/SVGA_sync.v ;         ;
; Modulos/top.v                    ; yes             ; User Verilog HDL File        ; /home/gabriel/Documentos/ConsoleFPGA/Modulos/top.v                   ;         ;
; sprites/block/block_palette.mem  ; yes             ; Auto-Found Unspecified File  ; /home/gabriel/Documentos/ConsoleFPGA/sprites/block/block_palette.mem ;         ;
+----------------------------------+-----------------+------------------------------+----------------------------------------------------------------------+---------+


+---------------------------------------------------------+
; Analysis & Synthesis Resource Usage Summary             ;
+---------------------------------------------+-----------+
; Resource                                    ; Usage     ;
+---------------------------------------------+-----------+
; Estimated Total logic elements              ; 51        ;
;                                             ;           ;
; Total combinational functions               ; 51        ;
; Logic element usage by number of LUT inputs ;           ;
;     -- 4 input functions                    ; 24        ;
;     -- 3 input functions                    ; 6         ;
;     -- <=2 input functions                  ; 21        ;
;                                             ;           ;
; Logic elements by mode                      ;           ;
;     -- normal mode                          ; 32        ;
;     -- arithmetic mode                      ; 19        ;
;                                             ;           ;
; Total registers                             ; 23        ;
;     -- Dedicated logic registers            ; 23        ;
;     -- I/O registers                        ; 0         ;
;                                             ;           ;
; I/O pins                                    ; 13        ;
;                                             ;           ;
; Embedded Multiplier 9-bit elements          ; 0         ;
;                                             ;           ;
; Maximum fan-out node                        ; clk~input ;
; Maximum fan-out                             ; 23        ;
; Total fan-out                               ; 215       ;
; Average fan-out                             ; 2.15      ;
+---------------------------------------------+-----------+


+----------------------------------------------------------------------------------------------------------------------------------------------------------------------------------------------------------+
; Analysis & Synthesis Resource Utilization by Entity                                                                                                                                                      ;
+----------------------------+---------------------+---------------------------+-------------+--------------+---------+-----------+------+--------------+---------------------+-------------+--------------+
; Compilation Hierarchy Node ; Combinational ALUTs ; Dedicated Logic Registers ; Memory Bits ; DSP Elements ; DSP 9x9 ; DSP 18x18 ; Pins ; Virtual Pins ; Full Hierarchy Name ; Entity Name ; Library Name ;
+----------------------------+---------------------+---------------------------+-------------+--------------+---------+-----------+------+--------------+---------------------+-------------+--------------+
; |top                       ; 51 (0)              ; 23 (0)                    ; 0           ; 0            ; 0       ; 0         ; 13   ; 0            ; |top                ; top         ; work         ;
;    |SVGA_sync:SVGA|        ; 51 (51)             ; 23 (23)                   ; 0           ; 0            ; 0       ; 0         ; 0    ; 0            ; |top|SVGA_sync:SVGA ; SVGA_sync   ; work         ;
+----------------------------+---------------------+---------------------------+-------------+--------------+---------+-----------+------+--------------+---------------------+-------------+--------------+
Note: For table entries with two numbers listed, the numbers in parentheses indicate the number of resources of the given type used by the specific entity alone. The numbers listed outside of parentheses indicate the total resources of the given type used by the specific entity and all of its sub-entities in the hierarchy.


+------------------------------------------------------------------------------------------------------+
; Registers Removed During Synthesis                                                                   ;
+-------------------------------------------------------------+----------------------------------------+
; Register name                                               ; Reason for Removal                     ;
+-------------------------------------------------------------+----------------------------------------+
; memorySprites:memorySprites_inst|read_enable1               ; Stuck at GND due to stuck port data_in ;
; memorySprites:memorySprites_inst|read_enable5               ; Stuck at VCC due to stuck port data_in ;
; memorySprites:memorySprites_inst|read_enable2               ; Stuck at GND due to stuck port data_in ;
; memorySprites:memorySprites_inst|sram:element5|o_data[0..5] ; Stuck at GND due to stuck port clock   ;
; memorySprites:memorySprites_inst|address5[0..9]             ; Lost fanout                            ;
; memorySprites:memorySprites_inst|read_enable3               ; Stuck at GND due to stuck port data_in ;
; memorySprites:memorySprites_inst|read_enable4               ; Stuck at GND due to stuck port data_in ;
; address[0..11]                                              ; Lost fanout                            ;
; VGA_R[0]~reg0                                               ; Stuck at VCC due to stuck port data_in ;
; VGA_R[1]~reg0                                               ; Stuck at VCC due to stuck port data_in ;
; VGA_R[2]~reg0                                               ; Stuck at VCC due to stuck port data_in ;
; VGA_G[0]~reg0                                               ; Stuck at VCC due to stuck port data_in ;
; VGA_G[1]~reg0                                               ; Stuck at VCC due to stuck port data_in ;
; VGA_G[2]~reg0                                               ; Stuck at VCC due to stuck port data_in ;
; VGA_B[0]~reg0                                               ; Stuck at VCC due to stuck port data_in ;
; VGA_B[1]~reg0                                               ; Stuck at VCC due to stuck port data_in ;
; VGA_B[2]~reg0                                               ; Stuck at VCC due to stuck port data_in ;
; Total Number of Removed Registers = 42                      ;                                        ;
+-------------------------------------------------------------+----------------------------------------+


+-----------------------------------------------------------------------------------------------------------------------------------------------------------------------+
; Removed Registers Triggering Further Register Optimizations                                                                                                           ;
+-----------------------------------------------+---------------------------+-------------------------------------------------------------------------------------------+
; Register name                                 ; Reason for Removal        ; Registers Removed due to This Register                                                    ;
+-----------------------------------------------+---------------------------+-------------------------------------------------------------------------------------------+
; memorySprites:memorySprites_inst|read_enable1 ; Stuck at GND              ; memorySprites:memorySprites_inst|read_enable5,                                            ;
;                                               ; due to stuck port data_in ; memorySprites:memorySprites_inst|read_enable2,                                            ;
;                                               ;                           ; memorySprites:memorySprites_inst|sram:element5|o_data[0],                                 ;
;                                               ;                           ; memorySprites:memorySprites_inst|sram:element5|o_data[1],                                 ;
;                                               ;                           ; memorySprites:memorySprites_inst|sram:element5|o_data[2],                                 ;
;                                               ;                           ; memorySprites:memorySprites_inst|sram:element5|o_data[3],                                 ;
;                                               ;                           ; memorySprites:memorySprites_inst|sram:element5|o_data[4],                                 ;
;                                               ;                           ; memorySprites:memorySprites_inst|sram:element5|o_data[5],                                 ;
;                                               ;                           ; memorySprites:memorySprites_inst|read_enable3,                                            ;
;                                               ;                           ; memorySprites:memorySprites_inst|read_enable4, VGA_R[0]~reg0, VGA_R[1]~reg0,              ;
;                                               ;                           ; VGA_R[2]~reg0, VGA_G[0]~reg0, VGA_G[1]~reg0, VGA_G[2]~reg0, VGA_B[0]~reg0, VGA_B[1]~reg0, ;
;                                               ;                           ; VGA_B[2]~reg0                                                                             ;
; memorySprites:memorySprites_inst|address5[0]  ; Lost Fanouts              ; address[0]                                                                                ;
; memorySprites:memorySprites_inst|address5[1]  ; Lost Fanouts              ; address[1]                                                                                ;
; memorySprites:memorySprites_inst|address5[2]  ; Lost Fanouts              ; address[2]                                                                                ;
; memorySprites:memorySprites_inst|address5[3]  ; Lost Fanouts              ; address[3]                                                                                ;
; memorySprites:memorySprites_inst|address5[4]  ; Lost Fanouts              ; address[4]                                                                                ;
; memorySprites:memorySprites_inst|address5[5]  ; Lost Fanouts              ; address[5]                                                                                ;
; memorySprites:memorySprites_inst|address5[6]  ; Lost Fanouts              ; address[6]                                                                                ;
; memorySprites:memorySprites_inst|address5[7]  ; Lost Fanouts              ; address[7]                                                                                ;
; memorySprites:memorySprites_inst|address5[8]  ; Lost Fanouts              ; address[8]                                                                                ;
; memorySprites:memorySprites_inst|address5[9]  ; Lost Fanouts              ; address[9]                                                                                ;
+-----------------------------------------------+---------------------------+-------------------------------------------------------------------------------------------+


+------------------------------------------------------+
; General Register Statistics                          ;
+----------------------------------------------+-------+
; Statistic                                    ; Value ;
+----------------------------------------------+-------+
; Total registers                              ; 23    ;
; Number of registers using Synchronous Clear  ; 0     ;
; Number of registers using Synchronous Load   ; 0     ;
; Number of registers using Asynchronous Clear ; 0     ;
; Number of registers using Asynchronous Load  ; 0     ;
; Number of registers using Clock Enable       ; 0     ;
; Number of registers using Preset             ; 0     ;
+----------------------------------------------+-------+


+----------------------------------------------------------------------------------------------------------------------------------------------+
; Multiplexer Restructuring Statistics (Restructuring Performed)                                                                               ;
+--------------------+-----------+---------------+----------------------+------------------------+------------+--------------------------------+
; Multiplexer Inputs ; Bus Width ; Baseline Area ; Area if Restructured ; Saving if Restructured ; Registered ; Example Multiplexer Output     ;
+--------------------+-----------+---------------+----------------------+------------------------+------------+--------------------------------+
; 3:1                ; 10 bits   ; 20 LEs        ; 10 LEs               ; 10 LEs                 ; Yes        ; |top|SVGA_sync:SVGA|pixel_y[3] ;
+--------------------+-----------+---------------+----------------------+------------------------+------------+--------------------------------+


+-------------------------------------------------------------+
; Parameter Settings for User Entity Instance: SVGA_sync:SVGA ;
+----------------+-------+------------------------------------+
; Parameter Name ; Value ; Type                               ;
+----------------+-------+------------------------------------+
; HD             ; 800   ; Signed Integer                     ;
; HF             ; 56    ; Signed Integer                     ;
; HB             ; 64    ; Signed Integer                     ;
; HR             ; 120   ; Signed Integer                     ;
; HT             ; 1040  ; Signed Integer                     ;
; VD             ; 600   ; Signed Integer                     ;
; VF             ; 37    ; Signed Integer                     ;
; VB             ; 23    ; Signed Integer                     ;
; VR             ; 6     ; Signed Integer                     ;
; VT             ; 666   ; Signed Integer                     ;
+----------------+-------+------------------------------------+
Note: In order to hide this table in the UI and the text report file, please set the "Show Parameter Settings in Synthesis Report" option in "Analysis and Synthesis Settings -> More Settings" to "Off".


+-------------------------------------------------------------------------------+
; Parameter Settings for User Entity Instance: memorySprites:memorySprites_inst ;
+----------------+-------+------------------------------------------------------+
; Parameter Name ; Value ; Type                                                 ;
+----------------+-------+------------------------------------------------------+
; ELEMENTS       ; 3     ; Signed Integer                                       ;
+----------------+-------+------------------------------------------------------+
Note: In order to hide this table in the UI and the text report file, please set the "Show Parameter Settings in Synthesis Report" option in "Analysis and Synthesis Settings -> More Settings" to "Off".


+---------------------------------------------------------------------------------------------+
; Parameter Settings for User Entity Instance: memorySprites:memorySprites_inst|sram:element1 ;
+----------------+-------+--------------------------------------------------------------------+
; Parameter Name ; Value ; Type                                                               ;
+----------------+-------+--------------------------------------------------------------------+
; ADDR_WIDTH     ; 12    ; Signed Integer                                                     ;
; DATA_WIDTH     ; 8     ; Signed Integer                                                     ;
; DEPTH          ; 625   ; Signed Integer                                                     ;
; MEMFILE        ;       ; String                                                             ;
+----------------+-------+--------------------------------------------------------------------+
Note: In order to hide this table in the UI and the text report file, please set the "Show Parameter Settings in Synthesis Report" option in "Analysis and Synthesis Settings -> More Settings" to "Off".


+---------------------------------------------------------------------------------------------+
; Parameter Settings for User Entity Instance: memorySprites:memorySprites_inst|sram:element2 ;
+----------------+-------+--------------------------------------------------------------------+
; Parameter Name ; Value ; Type                                                               ;
+----------------+-------+--------------------------------------------------------------------+
; ADDR_WIDTH     ; 12    ; Signed Integer                                                     ;
; DATA_WIDTH     ; 8     ; Signed Integer                                                     ;
; DEPTH          ; 625   ; Signed Integer                                                     ;
; MEMFILE        ;       ; String                                                             ;
+----------------+-------+--------------------------------------------------------------------+
Note: In order to hide this table in the UI and the text report file, please set the "Show Parameter Settings in Synthesis Report" option in "Analysis and Synthesis Settings -> More Settings" to "Off".


+---------------------------------------------------------------------------------------------+
; Parameter Settings for User Entity Instance: memorySprites:memorySprites_inst|sram:element3 ;
+----------------+-------+--------------------------------------------------------------------+
; Parameter Name ; Value ; Type                                                               ;
+----------------+-------+--------------------------------------------------------------------+
; ADDR_WIDTH     ; 12    ; Signed Integer                                                     ;
; DATA_WIDTH     ; 8     ; Signed Integer                                                     ;
; DEPTH          ; 400   ; Signed Integer                                                     ;
; MEMFILE        ;       ; String                                                             ;
+----------------+-------+--------------------------------------------------------------------+
Note: In order to hide this table in the UI and the text report file, please set the "Show Parameter Settings in Synthesis Report" option in "Analysis and Synthesis Settings -> More Settings" to "Off".


+---------------------------------------------------------------------------------------------+
; Parameter Settings for User Entity Instance: memorySprites:memorySprites_inst|sram:element4 ;
+----------------+-------+--------------------------------------------------------------------+
; Parameter Name ; Value ; Type                                                               ;
+----------------+-------+--------------------------------------------------------------------+
; ADDR_WIDTH     ; 16    ; Signed Integer                                                     ;
; DATA_WIDTH     ; 8     ; Signed Integer                                                     ;
; DEPTH          ; 10000 ; Signed Integer                                                     ;
; MEMFILE        ;       ; String                                                             ;
+----------------+-------+--------------------------------------------------------------------+
Note: In order to hide this table in the UI and the text report file, please set the "Show Parameter Settings in Synthesis Report" option in "Analysis and Synthesis Settings -> More Settings" to "Off".


+------------------------------------------------------------------------------------------------+
; Parameter Settings for User Entity Instance: memorySprites:memorySprites_inst|sram:element5    ;
+----------------+--------------------------------------------------------------+----------------+
; Parameter Name ; Value                                                        ; Type           ;
+----------------+--------------------------------------------------------------+----------------+
; ADDR_WIDTH     ; 12                                                           ; Signed Integer ;
; DATA_WIDTH     ; 8                                                            ; Signed Integer ;
; DEPTH          ; 625                                                          ; Signed Integer ;
; MEMFILE        ; /home/gabriel/Documentos/ConsoleFPGA/sprites/block/block.mem ; String         ;
+----------------+--------------------------------------------------------------+----------------+
Note: In order to hide this table in the UI and the text report file, please set the "Show Parameter Settings in Synthesis Report" option in "Analysis and Synthesis Settings -> More Settings" to "Off".


+-----------------------------------------------------------------------------------------------------------------------------------------------------------------------------------------------------------------------+
; Port Connectivity Checks: "memorySprites:memorySprites_inst|sram:element5"                                                                                                                                            ;
+--------------+--------+----------+------------------------------------------------------------------------------------------------------------------------------------------------------------------------------------+
; Port         ; Type   ; Severity ; Details                                                                                                                                                                            ;
+--------------+--------+----------+------------------------------------------------------------------------------------------------------------------------------------------------------------------------------------+
; i_addr       ; Input  ; Warning  ; Input port expression (10 bits) is smaller than the input port (12 bits) it drives.  Extra input bit(s) "i_addr[11..10]" will be connected to GND.                                 ;
; i_data       ; Input  ; Warning  ; Input port expression (32 bits) is wider than the input port (8 bits) it drives.  The 24 most-significant bit(s) in the expression will be dangling if they have no other fanouts. ;
; i_data[7..0] ; Input  ; Info     ; Stuck at GND                                                                                                                                                                       ;
; o_data       ; Output ; Warning  ; Output or bidir port (8 bits) is wider than the port expression (6 bits) it drives; bit(s) "o_data[7..6]" have no fanouts                                                          ;
; dataoutReady ; Output ; Info     ; Connected to dangling logic. Logic that only feeds a dangling port will be removed.                                                                                                ;
+--------------+--------+----------+------------------------------------------------------------------------------------------------------------------------------------------------------------------------------------+


+-----------------------------------------------------------------------------------------------------------------------------------------------------------------------------------------------------------------------+
; Port Connectivity Checks: "memorySprites:memorySprites_inst|sram:element4"                                                                                                                                            ;
+--------------+--------+----------+------------------------------------------------------------------------------------------------------------------------------------------------------------------------------------+
; Port         ; Type   ; Severity ; Details                                                                                                                                                                            ;
+--------------+--------+----------+------------------------------------------------------------------------------------------------------------------------------------------------------------------------------------+
; i_addr       ; Input  ; Warning  ; Input port expression (10 bits) is smaller than the input port (16 bits) it drives.  Extra input bit(s) "i_addr[15..10]" will be connected to GND.                                 ;
; i_data       ; Input  ; Warning  ; Input port expression (32 bits) is wider than the input port (8 bits) it drives.  The 24 most-significant bit(s) in the expression will be dangling if they have no other fanouts. ;
; i_data[7..0] ; Input  ; Info     ; Stuck at GND                                                                                                                                                                       ;
; o_data       ; Output ; Warning  ; Output or bidir port (8 bits) is wider than the port expression (6 bits) it drives; bit(s) "o_data[7..6]" have no fanouts                                                          ;
; o_data       ; Output ; Info     ; Connected to dangling logic. Logic that only feeds a dangling port will be removed.                                                                                                ;
+--------------+--------+----------+------------------------------------------------------------------------------------------------------------------------------------------------------------------------------------+


+-----------------------------------------------------------------------------------------------------------------------------------------------------------------------------------------------------------------------+
; Port Connectivity Checks: "memorySprites:memorySprites_inst|sram:element3"                                                                                                                                            ;
+--------------+--------+----------+------------------------------------------------------------------------------------------------------------------------------------------------------------------------------------+
; Port         ; Type   ; Severity ; Details                                                                                                                                                                            ;
+--------------+--------+----------+------------------------------------------------------------------------------------------------------------------------------------------------------------------------------------+
; i_addr       ; Input  ; Warning  ; Input port expression (10 bits) is smaller than the input port (12 bits) it drives.  Extra input bit(s) "i_addr[11..10]" will be connected to GND.                                 ;
; i_data       ; Input  ; Warning  ; Input port expression (32 bits) is wider than the input port (8 bits) it drives.  The 24 most-significant bit(s) in the expression will be dangling if they have no other fanouts. ;
; i_data[7..0] ; Input  ; Info     ; Stuck at GND                                                                                                                                                                       ;
; o_data       ; Output ; Warning  ; Output or bidir port (8 bits) is wider than the port expression (6 bits) it drives; bit(s) "o_data[7..6]" have no fanouts                                                          ;
; o_data       ; Output ; Info     ; Connected to dangling logic. Logic that only feeds a dangling port will be removed.                                                                                                ;
+--------------+--------+----------+------------------------------------------------------------------------------------------------------------------------------------------------------------------------------------+


+-----------------------------------------------------------------------------------------------------------------------------------------------------------------------------------------------------------------------+
; Port Connectivity Checks: "memorySprites:memorySprites_inst|sram:element2"                                                                                                                                            ;
+--------------+--------+----------+------------------------------------------------------------------------------------------------------------------------------------------------------------------------------------+
; Port         ; Type   ; Severity ; Details                                                                                                                                                                            ;
+--------------+--------+----------+------------------------------------------------------------------------------------------------------------------------------------------------------------------------------------+
; i_addr       ; Input  ; Warning  ; Input port expression (10 bits) is smaller than the input port (12 bits) it drives.  Extra input bit(s) "i_addr[11..10]" will be connected to GND.                                 ;
; i_data       ; Input  ; Warning  ; Input port expression (32 bits) is wider than the input port (8 bits) it drives.  The 24 most-significant bit(s) in the expression will be dangling if they have no other fanouts. ;
; i_data[7..0] ; Input  ; Info     ; Stuck at GND                                                                                                                                                                       ;
; o_data       ; Output ; Warning  ; Output or bidir port (8 bits) is wider than the port expression (6 bits) it drives; bit(s) "o_data[7..6]" have no fanouts                                                          ;
; o_data       ; Output ; Info     ; Connected to dangling logic. Logic that only feeds a dangling port will be removed.                                                                                                ;
+--------------+--------+----------+------------------------------------------------------------------------------------------------------------------------------------------------------------------------------------+


+-----------------------------------------------------------------------------------------------------------------------------------------------------------------------------------------------------------------------+
; Port Connectivity Checks: "memorySprites:memorySprites_inst|sram:element1"                                                                                                                                            ;
+--------------+--------+----------+------------------------------------------------------------------------------------------------------------------------------------------------------------------------------------+
; Port         ; Type   ; Severity ; Details                                                                                                                                                                            ;
+--------------+--------+----------+------------------------------------------------------------------------------------------------------------------------------------------------------------------------------------+
; i_addr       ; Input  ; Warning  ; Input port expression (10 bits) is smaller than the input port (12 bits) it drives.  Extra input bit(s) "i_addr[11..10]" will be connected to GND.                                 ;
; i_data       ; Input  ; Warning  ; Input port expression (32 bits) is wider than the input port (8 bits) it drives.  The 24 most-significant bit(s) in the expression will be dangling if they have no other fanouts. ;
; i_data[7..0] ; Input  ; Info     ; Stuck at GND                                                                                                                                                                       ;
; o_data       ; Output ; Warning  ; Output or bidir port (8 bits) is wider than the port expression (6 bits) it drives; bit(s) "o_data[7..6]" have no fanouts                                                          ;
; o_data       ; Output ; Info     ; Connected to dangling logic. Logic that only feeds a dangling port will be removed.                                                                                                ;
+--------------+--------+----------+------------------------------------------------------------------------------------------------------------------------------------------------------------------------------------+


+--------------------------------------------------------------------------------------------------------------------------------------------------------------------------------------------------------------------------+
; Port Connectivity Checks: "memorySprites:memorySprites_inst"                                                                                                                                                             ;
+-----------------+--------+----------+------------------------------------------------------------------------------------------------------------------------------------------------------------------------------------+
; Port            ; Type   ; Severity ; Details                                                                                                                                                                            ;
+-----------------+--------+----------+------------------------------------------------------------------------------------------------------------------------------------------------------------------------------------+
; read_enable     ; Input  ; Warning  ; Input port expression (32 bits) is wider than the input port (1 bits) it drives.  The 31 most-significant bit(s) in the expression will be dangling if they have no other fanouts. ;
; read_enable[-1] ; Input  ; Info     ; Stuck at VCC                                                                                                                                                                       ;
; address_sprite  ; Input  ; Warning  ; Input port expression (12 bits) is wider than the input port (10 bits) it drives.  The 2 most-significant bit(s) in the expression will be dangling if they have no other fanouts. ;
; element         ; Input  ; Warning  ; Input port expression (32 bits) is wider than the input port (3 bits) it drives.  The 29 most-significant bit(s) in the expression will be dangling if they have no other fanouts. ;
; element[2]      ; Input  ; Info     ; Stuck at VCC                                                                                                                                                                       ;
; element[1]      ; Input  ; Info     ; Stuck at GND                                                                                                                                                                       ;
; element[0]      ; Input  ; Info     ; Stuck at VCC                                                                                                                                                                       ;
; dataout[8]      ; Output ; Info     ; Connected to dangling logic. Logic that only feeds a dangling port will be removed.                                                                                                ;
; dataout[4]      ; Output ; Info     ; Connected to dangling logic. Logic that only feeds a dangling port will be removed.                                                                                                ;
; dataout[0]      ; Output ; Info     ; Connected to dangling logic. Logic that only feeds a dangling port will be removed.                                                                                                ;
; reset           ; Input  ; Warning  ; Declared by entity but not connected by instance. If a default value exists, it will be used.  Otherwise, the port will be connected to GND.                                       ;
+-----------------+--------+----------+------------------------------------------------------------------------------------------------------------------------------------------------------------------------------------+


+---------------------------------------------------+
; Port Connectivity Checks: "SVGA_sync:SVGA"        ;
+-------+-------+----------+------------------------+
; Port  ; Type  ; Severity ; Details                ;
+-------+-------+----------+------------------------+
; reset ; Input ; Info     ; Explicitly unconnected ;
+-------+-------+----------+------------------------+


+-----------------------------------------------------+
; Post-Synthesis Netlist Statistics for Top Partition ;
+-----------------------+-----------------------------+
; Type                  ; Count                       ;
+-----------------------+-----------------------------+
; boundary_port         ; 13                          ;
; cycloneiii_ff         ; 23                          ;
;     plain             ; 23                          ;
; cycloneiii_lcell_comb ; 52                          ;
;     arith             ; 19                          ;
;         2 data inputs ; 19                          ;
;     normal            ; 33                          ;
;         0 data inputs ; 1                           ;
;         1 data inputs ; 2                           ;
;         3 data inputs ; 6                           ;
;         4 data inputs ; 24                          ;
;                       ;                             ;
; Max LUT depth         ; 4.00                        ;
; Average LUT depth     ; 3.08                        ;
+-----------------------+-----------------------------+


+-------------------------------+
; Elapsed Time Per Partition    ;
+----------------+--------------+
; Partition Name ; Elapsed Time ;
+----------------+--------------+
; Top            ; 00:00:01     ;
+----------------+--------------+


+-------------------------------+
; Analysis & Synthesis Messages ;
+-------------------------------+
Info: *******************************************************************
Info: Running Quartus Prime Analysis & Synthesis
    Info: Version 18.1.0 Build 625 09/12/2018 SJ Lite Edition
    Info: Processing started: Wed Jun  5 01:06:44 2019
Info: Command: quartus_map --read_settings_files=on --write_settings_files=off consoleFPGA -c consoleFPGA
Warning (18236): Number of processors has not been specified which may cause overloading on shared machines.  Set the global assignment NUM_PARALLEL_PROCESSORS in your QSF to an appropriate value for best performance.
Info (20030): Parallel compilation is enabled and will use 2 of the 2 processors detected
Info (12021): Found 1 design units, including 1 entities, in source file Modulos/memorySprites.v
    Info (12023): Found entity 1: memorySprites File: /home/gabriel/Documentos/ConsoleFPGA/Modulos/memorySprites.v Line: 2
Info (12021): Found 1 design units, including 1 entities, in source file Modulos/moduloSram/sram.v
    Info (12023): Found entity 1: sram File: /home/gabriel/Documentos/ConsoleFPGA/Modulos/moduloSram/sram.v Line: 11
Info (12021): Found 1 design units, including 1 entities, in source file Modulos/SVGAGrafico/SVGA_sync.v
    Info (12023): Found entity 1: SVGA_sync File: /home/gabriel/Documentos/ConsoleFPGA/Modulos/SVGAGrafico/SVGA_sync.v Line: 18
Info (12021): Found 1 design units, including 1 entities, in source file Modulos/SVGAGrafico/SVGA_top.v
    Info (12023): Found entity 1: SVGA_top File: /home/gabriel/Documentos/ConsoleFPGA/Modulos/SVGAGrafico/SVGA_top.v Line: 19
Warning (10090): Verilog HDL syntax warning at top.v(54): extra block comment delimiter characters /* within block comment File: /home/gabriel/Documentos/ConsoleFPGA/Modulos/top.v Line: 54
Info (12021): Found 1 design units, including 1 entities, in source file Modulos/top.v
    Info (12023): Found entity 1: top File: /home/gabriel/Documentos/ConsoleFPGA/Modulos/top.v Line: 1
Info (12127): Elaborating entity "top" for the top level hierarchy
Warning (10230): Verilog HDL assignment warning at top.v(153): truncated value with size 32 to match size of target (12) File: /home/gabriel/Documentos/ConsoleFPGA/Modulos/top.v Line: 153
Info (12128): Elaborating entity "SVGA_sync" for hierarchy "SVGA_sync:SVGA" File: /home/gabriel/Documentos/ConsoleFPGA/Modulos/top.v Line: 34
Warning (10230): Verilog HDL assignment warning at SVGA_sync.v(59): truncated value with size 32 to match size of target (11) File: /home/gabriel/Documentos/ConsoleFPGA/Modulos/SVGAGrafico/SVGA_sync.v Line: 59
Warning (10230): Verilog HDL assignment warning at SVGA_sync.v(80): truncated value with size 32 to match size of target (10) File: /home/gabriel/Documentos/ConsoleFPGA/Modulos/SVGAGrafico/SVGA_sync.v Line: 80
Info (12128): Elaborating entity "memorySprites" for hierarchy "memorySprites:memorySprites_inst" File: /home/gabriel/Documentos/ConsoleFPGA/Modulos/top.v Line: 142
Warning (10858): Verilog HDL warning at memorySprites.v(10): object element1_palette used but never assigned File: /home/gabriel/Documentos/ConsoleFPGA/Modulos/memorySprites.v Line: 10
Warning (10858): Verilog HDL warning at memorySprites.v(11): object element2_palette used but never assigned File: /home/gabriel/Documentos/ConsoleFPGA/Modulos/memorySprites.v Line: 11
Warning (10858): Verilog HDL warning at memorySprites.v(12): object element3_palette used but never assigned File: /home/gabriel/Documentos/ConsoleFPGA/Modulos/memorySprites.v Line: 12
Warning (10858): Verilog HDL warning at memorySprites.v(13): object element4_palette used but never assigned File: /home/gabriel/Documentos/ConsoleFPGA/Modulos/memorySprites.v Line: 13
Warning (10030): Net "element5_palette.data_a" at memorySprites.v(14) has no driver or initial value, using a default initial value '0' File: /home/gabriel/Documentos/ConsoleFPGA/Modulos/memorySprites.v Line: 14
Warning (10030): Net "element5_palette.waddr_a" at memorySprites.v(14) has no driver or initial value, using a default initial value '0' File: /home/gabriel/Documentos/ConsoleFPGA/Modulos/memorySprites.v Line: 14
Warning (10030): Net "element5_palette.we_a" at memorySprites.v(14) has no driver or initial value, using a default initial value '0' File: /home/gabriel/Documentos/ConsoleFPGA/Modulos/memorySprites.v Line: 14
Info (12128): Elaborating entity "sram" for hierarchy "memorySprites:memorySprites_inst|sram:element1" File: /home/gabriel/Documentos/ConsoleFPGA/Modulos/memorySprites.v Line: 134
Warning (10230): Verilog HDL assignment warning at sram.v(35): truncated value with size 32 to match size of target (1) File: /home/gabriel/Documentos/ConsoleFPGA/Modulos/moduloSram/sram.v Line: 35
Warning (10030): Net "memory_array.data_a" at sram.v(20) has no driver or initial value, using a default initial value '0' File: /home/gabriel/Documentos/ConsoleFPGA/Modulos/moduloSram/sram.v Line: 20
Warning (10030): Net "memory_array.waddr_a" at sram.v(20) has no driver or initial value, using a default initial value '0' File: /home/gabriel/Documentos/ConsoleFPGA/Modulos/moduloSram/sram.v Line: 20
Warning (10030): Net "memory_array.we_a" at sram.v(20) has no driver or initial value, using a default initial value '0' File: /home/gabriel/Documentos/ConsoleFPGA/Modulos/moduloSram/sram.v Line: 20
Info (12128): Elaborating entity "sram" for hierarchy "memorySprites:memorySprites_inst|sram:element3" File: /home/gabriel/Documentos/ConsoleFPGA/Modulos/memorySprites.v Line: 164
Warning (10230): Verilog HDL assignment warning at sram.v(35): truncated value with size 32 to match size of target (1) File: /home/gabriel/Documentos/ConsoleFPGA/Modulos/moduloSram/sram.v Line: 35
Warning (10030): Net "memory_array.data_a" at sram.v(20) has no driver or initial value, using a default initial value '0' File: /home/gabriel/Documentos/ConsoleFPGA/Modulos/moduloSram/sram.v Line: 20
Warning (10030): Net "memory_array.waddr_a" at sram.v(20) has no driver or initial value, using a default initial value '0' File: /home/gabriel/Documentos/ConsoleFPGA/Modulos/moduloSram/sram.v Line: 20
Warning (10030): Net "memory_array.we_a" at sram.v(20) has no driver or initial value, using a default initial value '0' File: /home/gabriel/Documentos/ConsoleFPGA/Modulos/moduloSram/sram.v Line: 20
Info (12128): Elaborating entity "sram" for hierarchy "memorySprites:memorySprites_inst|sram:element4" File: /home/gabriel/Documentos/ConsoleFPGA/Modulos/memorySprites.v Line: 179
Warning (10230): Verilog HDL assignment warning at sram.v(35): truncated value with size 32 to match size of target (1) File: /home/gabriel/Documentos/ConsoleFPGA/Modulos/moduloSram/sram.v Line: 35
Warning (10030): Net "memory_array.data_a" at sram.v(20) has no driver or initial value, using a default initial value '0' File: /home/gabriel/Documentos/ConsoleFPGA/Modulos/moduloSram/sram.v Line: 20
Warning (10030): Net "memory_array.waddr_a" at sram.v(20) has no driver or initial value, using a default initial value '0' File: /home/gabriel/Documentos/ConsoleFPGA/Modulos/moduloSram/sram.v Line: 20
Warning (10030): Net "memory_array.we_a" at sram.v(20) has no driver or initial value, using a default initial value '0' File: /home/gabriel/Documentos/ConsoleFPGA/Modulos/moduloSram/sram.v Line: 20
Info (12128): Elaborating entity "sram" for hierarchy "memorySprites:memorySprites_inst|sram:element5" File: /home/gabriel/Documentos/ConsoleFPGA/Modulos/memorySprites.v Line: 193
Info (10648): Verilog HDL Display System Task info at sram.v(25): /home/gabriel/Documentos/ConsoleFP>@O+G3 File: /home/gabriel/Documentos/ConsoleFPGA/Modulos/moduloSram/sram.v Line: 25
Warning (10230): Verilog HDL assignment warning at sram.v(35): truncated value with size 32 to match size of target (1) File: /home/gabriel/Documentos/ConsoleFPGA/Modulos/moduloSram/sram.v Line: 35
Warning (10030): Net "memory_array.data_a" at sram.v(20) has no driver or initial value, using a default initial value '0' File: /home/gabriel/Documentos/ConsoleFPGA/Modulos/moduloSram/sram.v Line: 20
Warning (10030): Net "memory_array.waddr_a" at sram.v(20) has no driver or initial value, using a default initial value '0' File: /home/gabriel/Documentos/ConsoleFPGA/Modulos/moduloSram/sram.v Line: 20
Warning (10030): Net "memory_array.we_a" at sram.v(20) has no driver or initial value, using a default initial value '0' File: /home/gabriel/Documentos/ConsoleFPGA/Modulos/moduloSram/sram.v Line: 20
Info (276014): Found 1 instances of uninferred RAM logic
    Info (276004): RAM logic "memorySprites:memorySprites_inst|element5_palette" is uninferred due to inappropriate RAM size File: /home/gabriel/Documentos/ConsoleFPGA/Modulos/memorySprites.v Line: 14
Warning (12241): 6 hierarchies have connectivity warnings - see the Connectivity Checks report folder
Warning (13024): Output pins are stuck at VCC or GND
    Warning (13410): Pin "VGA_R[0]" is stuck at VCC File: /home/gabriel/Documentos/ConsoleFPGA/Modulos/top.v Line: 144
    Warning (13410): Pin "VGA_R[1]" is stuck at VCC File: /home/gabriel/Documentos/ConsoleFPGA/Modulos/top.v Line: 144
    Warning (13410): Pin "VGA_R[2]" is stuck at VCC File: /home/gabriel/Documentos/ConsoleFPGA/Modulos/top.v Line: 144
    Warning (13410): Pin "VGA_G[0]" is stuck at VCC File: /home/gabriel/Documentos/ConsoleFPGA/Modulos/top.v Line: 144
    Warning (13410): Pin "VGA_G[1]" is stuck at VCC File: /home/gabriel/Documentos/ConsoleFPGA/Modulos/top.v Line: 144
    Warning (13410): Pin "VGA_G[2]" is stuck at VCC File: /home/gabriel/Documentos/ConsoleFPGA/Modulos/top.v Line: 144
    Warning (13410): Pin "VGA_B[0]" is stuck at VCC File: /home/gabriel/Documentos/ConsoleFPGA/Modulos/top.v Line: 144
    Warning (13410): Pin "VGA_B[1]" is stuck at VCC File: /home/gabriel/Documentos/ConsoleFPGA/Modulos/top.v Line: 144
    Warning (13410): Pin "VGA_B[2]" is stuck at VCC File: /home/gabriel/Documentos/ConsoleFPGA/Modulos/top.v Line: 144
Info (286030): Timing-Driven Synthesis is running
Info (17049): 22 registers lost all their fanouts during netlist optimizations.
Info (16010): Generating hard_block partition "hard_block:auto_generated_inst"
    Info (16011): Adding 0 node(s), including 0 DDIO, 0 PLL, 0 transceiver and 0 LCELL
Warning (21074): Design contains 1 input pin(s) that do not drive logic
    Warning (15610): No output dependent on input pin "sprite" File: /home/gabriel/Documentos/ConsoleFPGA/Modulos/top.v Line: 5
Info (21057): Implemented 64 device resources after synthesis - the final resource count might be different
    Info (21058): Implemented 2 input pins
    Info (21059): Implemented 11 output pins
    Info (21061): Implemented 51 logic cells
Info: Quartus Prime Analysis & Synthesis was successful. 0 errors, 41 warnings
    Info: Peak virtual memory: 958 megabytes
    Info: Processing ended: Wed Jun  5 01:07:05 2019
    Info: Elapsed time: 00:00:21
    Info: Total CPU time (on all processors): 00:00:49


